{"uuid":"15f41a8c-6254-4a15-9b2f-16da35fa9d87","historyId":"7bf29b9cc6b63e6f5f29a566171bca48","fullName":"com.qa.opencart.nov1.tests.LoginPageTest.isLoginPageHeaderExistTest","labels":[{"name":"package","value":"com.qa.opencart.nov1.tests.LoginPageTest"},{"name":"testClass","value":"com.qa.opencart.nov1.tests.LoginPageTest"},{"name":"testMethod","value":"isLoginPageHeaderExistTest"},{"name":"parentSuite","value":" Opencart App Test Regression Suite"},{"name":"suite","value":"Login Page Test_chrome"},{"name":"subSuite","value":"com.qa.opencart.nov1.tests.LoginPageTest"},{"name":"host","value":"Hanuman"},{"name":"thread","value":"14704@Hanuman.TestNG-tests-1(37)"},{"name":"framework","value":"testng"},{"name":"language","value":"java"},{"name":"owner","value":"Durga Sridevi Veeravalli"},{"name":"epic","value":"EP-100: Design the Open Cart App Login Page"},{"name":"feature","value":"F-101: design open cart login feature"},{"name":"story","value":"US-50: develop login core feature: title,url, user is able to login"},{"name":"severity","value":"minor"}],"links":[],"name":"isLoginPageHeaderExistTest","status":"broken","statusDetails":{"known":false,"muted":false,"flaky":false,"message":"Cannot invoke \"org.openqa.selenium.WebElement.isDisplayed()\" because the return value of \"com.qa.opencart.nov1.utils.ElementUtil.getElement(org.openqa.selenium.By)\" is null","trace":"java.lang.NullPointerException: Cannot invoke \"org.openqa.selenium.WebElement.isDisplayed()\" because the return value of \"com.qa.opencart.nov1.utils.ElementUtil.getElement(org.openqa.selenium.By)\" is null\r\n\tat com.qa.opencart.nov1.utils.ElementUtil.isElementDisplayed(ElementUtil.java:80)\r\n\tat com.qa.opencart.nov1.pages.LoginPage.isheaderExist(LoginPage.java:63)\r\n\tat com.qa.opencart.nov1.tests.LoginPageTest.isLoginPageHeaderExistTest(LoginPageTest.java:56)\r\n\tat java.base/jdk.internal.reflect.DirectMethodHandleAccessor.invoke(DirectMethodHandleAccessor.java:103)\r\n\tat java.base/java.lang.reflect.Method.invoke(Method.java:580)\r\n\tat org.testng.internal.invokers.MethodInvocationHelper.invokeMethod(MethodInvocationHelper.java:141)\r\n\tat org.testng.internal.invokers.TestInvoker.invokeMethod(TestInvoker.java:686)\r\n\tat org.testng.internal.invokers.TestInvoker.invokeTestMethod(TestInvoker.java:230)\r\n\tat org.testng.internal.invokers.MethodRunner.runInSequence(MethodRunner.java:63)\r\n\tat org.testng.internal.invokers.TestInvoker$MethodInvocationAgent.invoke(TestInvoker.java:992)\r\n\tat org.testng.internal.invokers.TestInvoker.invokeTestMethods(TestInvoker.java:203)\r\n\tat org.testng.internal.invokers.TestMethodWorker.invokeTestMethods(TestMethodWorker.java:154)\r\n\tat org.testng.internal.invokers.TestMethodWorker.run(TestMethodWorker.java:134)\r\n\tat java.base/java.util.ArrayList.forEach(ArrayList.java:1596)\r\n\tat org.testng.TestRunner.privateRun(TestRunner.java:739)\r\n\tat org.testng.TestRunner.run(TestRunner.java:614)\r\n\tat org.testng.SuiteRunner.runTest(SuiteRunner.java:421)\r\n\tat org.testng.SuiteRunner$SuiteWorker.run(SuiteRunner.java:463)\r\n\tat org.testng.internal.thread.ThreadUtil.lambda$execute$0(ThreadUtil.java:64)\r\n\tat java.base/java.util.concurrent.FutureTask.run(FutureTask.java:317)\r\n\tat java.base/java.util.concurrent.ThreadPoolExecutor.runWorker(ThreadPoolExecutor.java:1144)\r\n\tat java.base/java.util.concurrent.ThreadPoolExecutor$Worker.run(ThreadPoolExecutor.java:642)\r\n\tat java.base/java.lang.Thread.run(Thread.java:1583)\r\n"},"stage":"finished","description":"login page header test....","steps":[{"name":"page header exist...","status":"broken","statusDetails":{"known":false,"muted":false,"flaky":false,"message":"Cannot invoke \"org.openqa.selenium.WebElement.isDisplayed()\" because the return value of \"com.qa.opencart.nov1.utils.ElementUtil.getElement(org.openqa.selenium.By)\" is null","trace":"java.lang.NullPointerException: Cannot invoke \"org.openqa.selenium.WebElement.isDisplayed()\" because the return value of \"com.qa.opencart.nov1.utils.ElementUtil.getElement(org.openqa.selenium.By)\" is null\r\n\tat com.qa.opencart.nov1.utils.ElementUtil.isElementDisplayed(ElementUtil.java:80)\r\n\tat com.qa.opencart.nov1.pages.LoginPage.isheaderExist(LoginPage.java:63)\r\n\tat com.qa.opencart.nov1.tests.LoginPageTest.isLoginPageHeaderExistTest(LoginPageTest.java:56)\r\n\tat java.base/jdk.internal.reflect.DirectMethodHandleAccessor.invoke(DirectMethodHandleAccessor.java:103)\r\n\tat java.base/java.lang.reflect.Method.invoke(Method.java:580)\r\n\tat org.testng.internal.invokers.MethodInvocationHelper.invokeMethod(MethodInvocationHelper.java:141)\r\n\tat org.testng.internal.invokers.TestInvoker.invokeMethod(TestInvoker.java:686)\r\n\tat org.testng.internal.invokers.TestInvoker.invokeTestMethod(TestInvoker.java:230)\r\n\tat org.testng.internal.invokers.MethodRunner.runInSequence(MethodRunner.java:63)\r\n\tat org.testng.internal.invokers.TestInvoker$MethodInvocationAgent.invoke(TestInvoker.java:992)\r\n\tat org.testng.internal.invokers.TestInvoker.invokeTestMethods(TestInvoker.java:203)\r\n\tat org.testng.internal.invokers.TestMethodWorker.invokeTestMethods(TestMethodWorker.java:154)\r\n\tat org.testng.internal.invokers.TestMethodWorker.run(TestMethodWorker.java:134)\r\n\tat java.base/java.util.ArrayList.forEach(ArrayList.java:1596)\r\n\tat org.testng.TestRunner.privateRun(TestRunner.java:739)\r\n\tat org.testng.TestRunner.run(TestRunner.java:614)\r\n\tat org.testng.SuiteRunner.runTest(SuiteRunner.java:421)\r\n\tat org.testng.SuiteRunner$SuiteWorker.run(SuiteRunner.java:463)\r\n\tat org.testng.internal.thread.ThreadUtil.lambda$execute$0(ThreadUtil.java:64)\r\n\tat java.base/java.util.concurrent.FutureTask.run(FutureTask.java:317)\r\n\tat java.base/java.util.concurrent.ThreadPoolExecutor.runWorker(ThreadPoolExecutor.java:1144)\r\n\tat java.base/java.util.concurrent.ThreadPoolExecutor$Worker.run(ThreadPoolExecutor.java:642)\r\n\tat java.base/java.lang.Thread.run(Thread.java:1583)\r\n"},"stage":"finished","steps":[{"name":"checking the element :By.tagName: h21111111111 is displayed on the page.. ","status":"broken","statusDetails":{"known":false,"muted":false,"flaky":false,"message":"Cannot invoke \"org.openqa.selenium.WebElement.isDisplayed()\" because the return value of \"com.qa.opencart.nov1.utils.ElementUtil.getElement(org.openqa.selenium.By)\" is null","trace":"java.lang.NullPointerException: Cannot invoke \"org.openqa.selenium.WebElement.isDisplayed()\" because the return value of \"com.qa.opencart.nov1.utils.ElementUtil.getElement(org.openqa.selenium.By)\" is null\r\n\tat com.qa.opencart.nov1.utils.ElementUtil.isElementDisplayed(ElementUtil.java:80)\r\n\tat com.qa.opencart.nov1.pages.LoginPage.isheaderExist(LoginPage.java:63)\r\n\tat com.qa.opencart.nov1.tests.LoginPageTest.isLoginPageHeaderExistTest(LoginPageTest.java:56)\r\n\tat java.base/jdk.internal.reflect.DirectMethodHandleAccessor.invoke(DirectMethodHandleAccessor.java:103)\r\n\tat java.base/java.lang.reflect.Method.invoke(Method.java:580)\r\n\tat org.testng.internal.invokers.MethodInvocationHelper.invokeMethod(MethodInvocationHelper.java:141)\r\n\tat org.testng.internal.invokers.TestInvoker.invokeMethod(TestInvoker.java:686)\r\n\tat org.testng.internal.invokers.TestInvoker.invokeTestMethod(TestInvoker.java:230)\r\n\tat org.testng.internal.invokers.MethodRunner.runInSequence(MethodRunner.java:63)\r\n\tat org.testng.internal.invokers.TestInvoker$MethodInvocationAgent.invoke(TestInvoker.java:992)\r\n\tat org.testng.internal.invokers.TestInvoker.invokeTestMethods(TestInvoker.java:203)\r\n\tat org.testng.internal.invokers.TestMethodWorker.invokeTestMethods(TestMethodWorker.java:154)\r\n\tat org.testng.internal.invokers.TestMethodWorker.run(TestMethodWorker.java:134)\r\n\tat java.base/java.util.ArrayList.forEach(ArrayList.java:1596)\r\n\tat org.testng.TestRunner.privateRun(TestRunner.java:739)\r\n\tat org.testng.TestRunner.run(TestRunner.java:614)\r\n\tat org.testng.SuiteRunner.runTest(SuiteRunner.java:421)\r\n\tat org.testng.SuiteRunner$SuiteWorker.run(SuiteRunner.java:463)\r\n\tat org.testng.internal.thread.ThreadUtil.lambda$execute$0(ThreadUtil.java:64)\r\n\tat java.base/java.util.concurrent.FutureTask.run(FutureTask.java:317)\r\n\tat java.base/java.util.concurrent.ThreadPoolExecutor.runWorker(ThreadPoolExecutor.java:1144)\r\n\tat java.base/java.util.concurrent.ThreadPoolExecutor$Worker.run(ThreadPoolExecutor.java:642)\r\n\tat java.base/java.lang.Thread.run(Thread.java:1583)\r\n"},"stage":"finished","steps":[],"attachments":[],"parameters":[{"name":"locator","value":"By.tagName: h21111111111"}],"start":1763044708301,"stop":1763044708347}],"attachments":[],"parameters":[],"start":1763044708301,"stop":1763044708347}],"attachments":[{"name":"Page screenshot","source":"027b0690-9b93-40e4-871b-8bb44359362f-attachment","type":"image/png"},{"name":"isLoginPageHeaderExistTest failed and screenshot taken!","source":"3047be82-c75d-4272-8bc7-6174e4a093f3-attachment","type":"text/plain"}],"parameters":[{"name":"browser","value":"chrome"}],"start":1763044708296,"stop":1763044708593}